2020-05-14 17:06:26,306 :INFO : test_editProfile :Rahul
2020-05-14 17:06:26,306 :INFO : test_editProfile :rahulshettyacademy.com
2020-05-14 17:10:01,537 :INFO : test_editProfile :Raghav
2020-05-14 17:10:01,537 :INFO : test_editProfile :rahulshettyacademy.com
2020-05-14 17:10:54,422 :INFO : test_editProfile :Raghav
2020-05-14 17:10:54,423 :INFO : test_editProfile :rahulshettyacademy.com
2020-05-14 17:10:54,437 :CRITICAL : pyTestDemo.test_logging :Critical issue
2020-05-16 17:16:37,706 :INFO : test_editProfile :Raghav
2020-05-16 17:16:37,708 :INFO : test_editProfile :rahulshettyacademy.com
2020-05-16 17:18:32,647 :INFO : test_editProfile :Raghav
2020-05-16 17:18:32,649 :INFO : test_editProfile :rahulshettyacademy.com
2020-05-16 18:04:05,135 :INFO : test_editProfile :Raghav
2020-05-16 18:04:05,137 :INFO : test_editProfile :rahulshettyacademy.com
2020-05-16 18:04:05,148 :CRITICAL : pyTestDemo.test_logging :Critical issue
2020-05-16 18:06:37,997 :INFO : test_editProfile :Raghav
2020-05-16 18:06:37,997 :INFO : test_editProfile :rahulshettyacademy.com
2020-05-16 18:06:38,010 :CRITICAL : pyTestDemo.test_logging :Critical issue
2020-05-16 18:10:12,302 :INFO : test_editProfile :Raghav
2020-05-16 18:10:12,302 :INFO : test_editProfile :rahulshettyacademy.com
2020-05-16 18:10:12,312 :CRITICAL : pyTestDemo.test_logging :Critical issue
2020-05-16 18:12:11,942 :INFO : test_editProfile :Raghav
2020-05-16 18:12:11,944 :INFO : test_editProfile :rahulshettyacademy.com
2020-05-16 18:12:11,958 :CRITICAL : pyTestDemo.test_logging :Critical issue
2020-05-16 18:20:47,655 :INFO : test_editProfile :Raghav
2020-05-16 18:20:47,657 :INFO : test_editProfile :rahulshettyacademy.com
2020-05-16 18:20:47,675 :CRITICAL : pyTestDemo.test_logging :Critical issue
2020-05-16 18:26:45,350 :INFO : test_editProfile :Raghav
2020-05-16 18:26:45,350 :INFO : test_editProfile :rahulshettyacademy.com
2020-05-16 18:26:45,365 :CRITICAL : pyTestDemo.test_logging :Critical issue
2020-05-16 18:27:41,379 :INFO : test_editProfile :Raghav
2020-05-16 18:27:41,381 :INFO : test_editProfile :rahulshettyacademy.com
2020-05-16 18:27:41,396 :CRITICAL : pyTestDemo.test_logging :Critical issue
2020-05-16 18:29:34,805 :INFO : test_editProfile :Raghav
2020-05-16 18:29:34,806 :INFO : test_editProfile :rahulshettyacademy.com
2020-05-16 18:29:34,820 :CRITICAL : pyTestDemo.test_logging :Critical issue
2020-05-17 13:03:04,385 :INFO : test_editProfile :Raghav
2020-05-17 13:03:04,385 :INFO : test_editProfile :rahulshettyacademy.com
2020-05-17 13:03:04,396 :CRITICAL : pyTestDemo.test_logging :Critical issue
2020-05-17 13:09:08,028 :INFO : test_editProfile :Raghav
2020-05-17 13:09:08,029 :INFO : test_editProfile :rahulshettyacademy.com
2020-05-17 13:09:08,040 :CRITICAL : pyTestDemo.test_logging :Critical issue
2020-05-18 12:15:40,524 :INFO : test_editProfile :Raghav
2020-05-18 12:15:40,526 :INFO : test_editProfile :rahulshettyacademy.com
2020-05-18 12:15:40,543 :CRITICAL : pyTestDemo.test_logging :Critical issue
2020-05-18 12:21:38,822 :INFO : test_editProfile :Raghav
2020-05-18 12:21:38,823 :INFO : test_editProfile :rahulshettyacademy.com
2020-05-18 12:26:47,169 :INFO : pyTestDemo.test_logging :Information statement
2020-05-18 12:26:47,169 :WARNING : pyTestDemo.test_logging :Something is in warning mode
2020-05-18 12:26:47,169 :ERROR : pyTestDemo.test_logging :A Major error has happend
2020-05-18 12:26:47,169 :CRITICAL : pyTestDemo.test_logging :Critical issue
2020-05-19 19:07:36,610 :INFO : test_editProfile :Raghav
2020-05-19 19:07:36,611 :INFO : test_editProfile :rahulshettyacademy.com
2020-05-19 19:07:36,629 :CRITICAL : pyTestDemo.test_logging :Critical issue
2020-05-23 07:36:53,233 :INFO : test_editProfile :Raghav
2020-05-23 07:36:53,233 :INFO : test_editProfile :rahulshettyacademy.com
2020-05-26 21:26:25,904 :INFO : test_editProfile :Raghav
2020-05-26 21:26:25,905 :INFO : test_editProfile :rahulshettyacademy.com
2020-05-26 21:29:39,510 :INFO : pyTestDemo.test_logging :Information statement
2020-05-26 21:29:39,510 :WARNING : pyTestDemo.test_logging :Something is in warning mode
2020-05-26 21:29:39,510 :ERROR : pyTestDemo.test_logging :A Major error has happend
2020-05-26 21:29:39,510 :CRITICAL : pyTestDemo.test_logging :Critical issue
2020-05-27 07:03:09,728 :INFO : test_editProfile :Raghav
2020-05-27 07:03:09,729 :INFO : test_editProfile :rahulshettyacademy.com
2020-05-27 07:11:32,943 :INFO : test_editProfile :Raghav
2020-05-27 07:11:32,943 :INFO : test_editProfile :rahulshettyacademy.com
2020-05-27 07:11:32,954 :INFO : pyTestDemo.test_logging :Information statement
2020-05-27 07:11:32,954 :WARNING : pyTestDemo.test_logging :Something is in warning mode
2020-05-27 07:11:32,954 :ERROR : pyTestDemo.test_logging :A Major error has happend
2020-05-27 07:11:32,954 :CRITICAL : pyTestDemo.test_logging :Critical issue
2020-05-27 07:18:27,180 :INFO : test_editProfile :Raghav
2020-05-27 07:18:27,180 :INFO : test_editProfile :rahulshettyacademy.com
2020-05-27 07:18:27,191 :CRITICAL : pyTestDemo.test_logging :Critical issue
2020-05-27 07:21:03,165 :INFO : test_editProfile :Raghav
2020-05-27 07:21:03,165 :INFO : test_editProfile :rahulshettyacademy.com
2020-05-27 07:21:03,181 :CRITICAL : pyTestDemo.test_logging :Critical issue
